#! /c/Source/iverilog-install/bin/vvp
:ivl_version "12.0 (devel)" "(s20150603-1539-g2693dd32b)";
:ivl_delay_selection "TYPICAL";
:vpi_time_precision + 0;
:vpi_module "C:\iverilog\lib\ivl\system.vpi";
:vpi_module "C:\iverilog\lib\ivl\vhdl_sys.vpi";
:vpi_module "C:\iverilog\lib\ivl\vhdl_textio.vpi";
:vpi_module "C:\iverilog\lib\ivl\v2005_math.vpi";
:vpi_module "C:\iverilog\lib\ivl\va_math.vpi";
S_000001e3d8a72ce0 .scope module, "calculator" "calculator" 2 3;
 .timescale 0 0;
    .port_info 0 /INPUT 4 "a";
    .port_info 1 /INPUT 4 "b";
    .port_info 2 /INPUT 3 "optr";
    .port_info 3 /OUTPUT 8 "result";
    .port_info 4 /OUTPUT 1 "sign_flag";
o000001e3d8aa6fb8 .functor BUFZ 4, C4<zzzz>; HiZ drive
v000001e3d8a734d0_0 .net "a", 3 0, o000001e3d8aa6fb8;  0 drivers
o000001e3d8aa6fe8 .functor BUFZ 4, C4<zzzz>; HiZ drive
v000001e3d8a72e70_0 .net "b", 3 0, o000001e3d8aa6fe8;  0 drivers
o000001e3d8aa7018 .functor BUFZ 3, C4<zzz>; HiZ drive
v000001e3d8a72f10_0 .net "optr", 2 0, o000001e3d8aa7018;  0 drivers
v000001e3d8a72fb0_0 .var "result", 7 0;
v000001e3d8a73050_0 .var "sign_flag", 0 0;
E_000001e3d8b6bfd0 .event anyedge, v000001e3d8a72f10_0, v000001e3d8a734d0_0, v000001e3d8a72e70_0;
    .scope S_000001e3d8a72ce0;
T_0 ;
    %wait E_000001e3d8b6bfd0;
    %load/vec4 v000001e3d8a72f10_0;
    %dup/vec4;
    %pushi/vec4 0, 0, 3;
    %cmp/u;
    %jmp/1 T_0.0, 6;
    %dup/vec4;
    %pushi/vec4 1, 0, 3;
    %cmp/u;
    %jmp/1 T_0.1, 6;
    %dup/vec4;
    %pushi/vec4 2, 0, 3;
    %cmp/u;
    %jmp/1 T_0.2, 6;
    %dup/vec4;
    %pushi/vec4 3, 0, 3;
    %cmp/u;
    %jmp/1 T_0.3, 6;
    %dup/vec4;
    %pushi/vec4 4, 0, 3;
    %cmp/u;
    %jmp/1 T_0.4, 6;
    %dup/vec4;
    %pushi/vec4 5, 0, 3;
    %cmp/u;
    %jmp/1 T_0.5, 6;
    %dup/vec4;
    %pushi/vec4 6, 0, 3;
    %cmp/u;
    %jmp/1 T_0.6, 6;
    %dup/vec4;
    %pushi/vec4 7, 0, 3;
    %cmp/u;
    %jmp/1 T_0.7, 6;
    %pushi/vec4 0, 0, 8;
    %store/vec4 v000001e3d8a72fb0_0, 0, 8;
    %jmp T_0.9;
T_0.0 ;
    %load/vec4 v000001e3d8a734d0_0;
    %pad/u 8;
    %load/vec4 v000001e3d8a72e70_0;
    %pad/u 8;
    %add;
    %store/vec4 v000001e3d8a72fb0_0, 0, 8;
    %jmp T_0.9;
T_0.1 ;
    %load/vec4 v000001e3d8a72e70_0;
    %load/vec4 v000001e3d8a734d0_0;
    %cmp/u;
    %flag_or 5, 4;
    %jmp/0xz  T_0.10, 5;
    %load/vec4 v000001e3d8a734d0_0;
    %pad/u 8;
    %load/vec4 v000001e3d8a72e70_0;
    %pad/u 8;
    %sub;
    %store/vec4 v000001e3d8a72fb0_0, 0, 8;
    %jmp T_0.11;
T_0.10 ;
    %load/vec4 v000001e3d8a72e70_0;
    %pad/u 8;
    %load/vec4 v000001e3d8a734d0_0;
    %pad/u 8;
    %sub;
    %store/vec4 v000001e3d8a72fb0_0, 0, 8;
    %pushi/vec4 1, 0, 1;
    %store/vec4 v000001e3d8a73050_0, 0, 1;
T_0.11 ;
    %jmp T_0.9;
T_0.2 ;
    %load/vec4 v000001e3d8a734d0_0;
    %pad/u 8;
    %load/vec4 v000001e3d8a72e70_0;
    %pad/u 8;
    %mul;
    %store/vec4 v000001e3d8a72fb0_0, 0, 8;
    %jmp T_0.9;
T_0.3 ;
    %load/vec4 v000001e3d8a734d0_0;
    %pad/u 8;
    %load/vec4 v000001e3d8a72e70_0;
    %pad/u 8;
    %div;
    %store/vec4 v000001e3d8a72fb0_0, 0, 8;
    %jmp T_0.9;
T_0.4 ;
    %load/vec4 v000001e3d8a734d0_0;
    %pad/u 8;
    %ix/getv 4, v000001e3d8a72e70_0;
    %shiftl 4;
    %store/vec4 v000001e3d8a72fb0_0, 0, 8;
    %jmp T_0.9;
T_0.5 ;
    %load/vec4 v000001e3d8a734d0_0;
    %pad/u 8;
    %ix/getv 4, v000001e3d8a72e70_0;
    %shiftr 4;
    %store/vec4 v000001e3d8a72fb0_0, 0, 8;
    %jmp T_0.9;
T_0.6 ;
    %load/vec4 v000001e3d8a734d0_0;
    %pad/u 8;
    %load/vec4 v000001e3d8a72e70_0;
    %pad/u 8;
    %and;
    %store/vec4 v000001e3d8a72fb0_0, 0, 8;
    %jmp T_0.9;
T_0.7 ;
    %load/vec4 v000001e3d8a734d0_0;
    %pad/u 8;
    %load/vec4 v000001e3d8a72e70_0;
    %pad/u 8;
    %or;
    %store/vec4 v000001e3d8a72fb0_0, 0, 8;
    %jmp T_0.9;
T_0.9 ;
    %pop/vec4 1;
    %jmp T_0;
    .thread T_0, $push;
# The file index is used to find the file name in the following table.
:file_names 3;
    "N/A";
    "<interactive>";
    "calc.v";
