#! /c/Source/iverilog-install/bin/vvp
:ivl_version "12.0 (devel)" "(s20150603-1539-g2693dd32b)";
:ivl_delay_selection "TYPICAL";
:vpi_time_precision + 0;
:vpi_module "C:\iverilog\lib\ivl\system.vpi";
:vpi_module "C:\iverilog\lib\ivl\vhdl_sys.vpi";
:vpi_module "C:\iverilog\lib\ivl\vhdl_textio.vpi";
:vpi_module "C:\iverilog\lib\ivl\v2005_math.vpi";
:vpi_module "C:\iverilog\lib\ivl\va_math.vpi";
S_0000025588f27100 .scope module, "tb" "tb" 2 5;
 .timescale 0 0;
v0000025588f27290_0 .var "a", 3 0;
v0000025588f27330_0 .var "b", 3 0;
v00000255890adbe0_0 .var/i "fd", 31 0;
v00000255890adc80_0 .var "optr", 2 0;
v00000255890add20_0 .net "result", 7 0, v0000025588f034f0_0;  1 drivers
S_00000255890ada50 .scope module, "AA" "calculator" 2 12, 3 3 0, S_0000025588f27100;
 .timescale 0 0;
    .port_info 0 /INPUT 4 "a";
    .port_info 1 /INPUT 4 "b";
    .port_info 2 /INPUT 3 "optr";
    .port_info 3 /OUTPUT 8 "result";
v00000255890abd10_0 .net "a", 3 0, v0000025588f27290_0;  1 drivers
v0000025588f03120_0 .net "b", 3 0, v0000025588f27330_0;  1 drivers
v0000025588f34f70_0 .net "optr", 2 0, v00000255890adc80_0;  1 drivers
v0000025588f034f0_0 .var "result", 7 0;
E_00000255890ab870 .event anyedge, v0000025588f34f70_0, v00000255890abd10_0, v0000025588f03120_0;
    .scope S_00000255890ada50;
T_0 ;
    %wait E_00000255890ab870;
    %load/vec4 v0000025588f34f70_0;
    %dup/vec4;
    %pushi/vec4 0, 0, 3;
    %cmp/u;
    %jmp/1 T_0.0, 6;
    %dup/vec4;
    %pushi/vec4 1, 0, 3;
    %cmp/u;
    %jmp/1 T_0.1, 6;
    %dup/vec4;
    %pushi/vec4 2, 0, 3;
    %cmp/u;
    %jmp/1 T_0.2, 6;
    %dup/vec4;
    %pushi/vec4 3, 0, 3;
    %cmp/u;
    %jmp/1 T_0.3, 6;
    %dup/vec4;
    %pushi/vec4 4, 0, 3;
    %cmp/u;
    %jmp/1 T_0.4, 6;
    %dup/vec4;
    %pushi/vec4 5, 0, 3;
    %cmp/u;
    %jmp/1 T_0.5, 6;
    %dup/vec4;
    %pushi/vec4 6, 0, 3;
    %cmp/u;
    %jmp/1 T_0.6, 6;
    %dup/vec4;
    %pushi/vec4 7, 0, 3;
    %cmp/u;
    %jmp/1 T_0.7, 6;
    %pushi/vec4 0, 0, 8;
    %store/vec4 v0000025588f034f0_0, 0, 8;
    %jmp T_0.9;
T_0.0 ;
    %load/vec4 v00000255890abd10_0;
    %pad/u 8;
    %load/vec4 v0000025588f03120_0;
    %pad/u 8;
    %add;
    %store/vec4 v0000025588f034f0_0, 0, 8;
    %jmp T_0.9;
T_0.1 ;
    %load/vec4 v0000025588f03120_0;
    %load/vec4 v00000255890abd10_0;
    %cmp/u;
    %flag_or 5, 4;
    %jmp/0xz  T_0.10, 5;
    %load/vec4 v00000255890abd10_0;
    %pad/u 8;
    %load/vec4 v0000025588f03120_0;
    %pad/u 8;
    %sub;
    %store/vec4 v0000025588f034f0_0, 0, 8;
    %jmp T_0.11;
T_0.10 ;
    %load/vec4 v0000025588f03120_0;
    %pad/u 8;
    %load/vec4 v00000255890abd10_0;
    %pad/u 8;
    %sub;
    %store/vec4 v0000025588f034f0_0, 0, 8;
T_0.11 ;
    %jmp T_0.9;
T_0.2 ;
    %load/vec4 v00000255890abd10_0;
    %pad/u 8;
    %load/vec4 v0000025588f03120_0;
    %pad/u 8;
    %mul;
    %store/vec4 v0000025588f034f0_0, 0, 8;
    %jmp T_0.9;
T_0.3 ;
    %load/vec4 v00000255890abd10_0;
    %pad/u 8;
    %load/vec4 v0000025588f03120_0;
    %pad/u 8;
    %div;
    %store/vec4 v0000025588f034f0_0, 0, 8;
    %jmp T_0.9;
T_0.4 ;
    %load/vec4 v00000255890abd10_0;
    %pad/u 8;
    %ix/getv 4, v0000025588f03120_0;
    %shiftl 4;
    %store/vec4 v0000025588f034f0_0, 0, 8;
    %jmp T_0.9;
T_0.5 ;
    %load/vec4 v00000255890abd10_0;
    %pad/u 8;
    %ix/getv 4, v0000025588f03120_0;
    %shiftr 4;
    %store/vec4 v0000025588f034f0_0, 0, 8;
    %jmp T_0.9;
T_0.6 ;
    %load/vec4 v00000255890abd10_0;
    %pad/u 8;
    %load/vec4 v0000025588f03120_0;
    %pad/u 8;
    %and;
    %store/vec4 v0000025588f034f0_0, 0, 8;
    %jmp T_0.9;
T_0.7 ;
    %load/vec4 v00000255890abd10_0;
    %pad/u 8;
    %load/vec4 v0000025588f03120_0;
    %pad/u 8;
    %or;
    %store/vec4 v0000025588f034f0_0, 0, 8;
    %jmp T_0.9;
T_0.9 ;
    %pop/vec4 1;
    %jmp T_0;
    .thread T_0, $push;
    .scope S_0000025588f27100;
T_1 ;
    %vpi_func 2 17 "$fopen" 32, "vercal.txt", "w" {0 0 0};
    %store/vec4 v00000255890adbe0_0, 0, 32;
    %pushi/vec4 8, 0, 4;
    %store/vec4 v0000025588f27290_0, 0, 4;
    %pushi/vec4 0, 0, 4;
    %store/vec4 v0000025588f27330_0, 0, 4;
    %pushi/vec4 3, 0, 3;
    %store/vec4 v00000255890adc80_0, 0, 3;
    %load/vec4 v00000255890adc80_0;
    %cmpi/e 1, 0, 3;
    %flag_get/vec4 4;
    %jmp/0 T_1.2, 4;
    %load/vec4 v0000025588f27290_0;
    %load/vec4 v0000025588f27330_0;
    %cmp/u;
    %flag_get/vec4 5;
    %and;
T_1.2;
    %flag_set/vec4 8;
    %jmp/0xz  T_1.0, 8;
    %vpi_call 2 25 "$monitor", "Result = -%b", v00000255890add20_0 {0 0 0};
    %delay 5, 0;
    %vpi_call 2 28 "$fwrite", v00000255890adbe0_0, "-%d", v00000255890add20_0 {0 0 0};
T_1.0 ;
    %load/vec4 v00000255890adc80_0;
    %cmpi/e 3, 0, 3;
    %flag_get/vec4 4;
    %jmp/0 T_1.5, 4;
    %load/vec4 v0000025588f27330_0;
    %pad/u 32;
    %pushi/vec4 0, 0, 32;
    %cmp/e;
    %flag_get/vec4 4;
    %and;
T_1.5;
    %flag_set/vec4 8;
    %jmp/0xz  T_1.3, 8;
    %vpi_call 2 34 "$monitor", "Error: division by zero" {0 0 0};
    %delay 5, 0;
    %vpi_call 2 37 "$fwrite", v00000255890adbe0_0, "Error: division by zero" {0 0 0};
    %jmp T_1.4;
T_1.3 ;
    %vpi_call 2 43 "$monitor", "Result = %b", v00000255890add20_0 {0 0 0};
    %delay 5, 0;
    %vpi_call 2 46 "$fwrite", v00000255890adbe0_0, "%d", v00000255890add20_0 {0 0 0};
T_1.4 ;
    %end;
    .thread T_1;
    .scope S_0000025588f27100;
T_2 ;
    %vpi_call 2 53 "$dumpfile", "dump.vcd" {0 0 0};
    %vpi_call 2 54 "$dumpvars", 32'sb00000000000000000000000000000000 {0 0 0};
    %end;
    .thread T_2;
# The file index is used to find the file name in the following table.
:file_names 4;
    "N/A";
    "<interactive>";
    "tb.v";
    "./calc.v";
